Kristens-MacBook-Pro:CryptoAnalysis knewbury$ ./runJarTest.sh
[main] INFO crypto.HeadlessCryptoScanner - Using call graph algorithm CHA
[main] INFO crypto.HeadlessCryptoScanner - Analysis soot setup done in 4.502 s 
[main] INFO crypto.analysis.CryptoScanner - Searching fo Seeds for analysis!
[main] INFO crypto.analysis.CryptoScanner - Discovered 7 analysis seeds within 2 seconds!
[main] INFO crypto.analysis.CryptoScanner - Analyzed Objects: 1 of 8
[main] INFO crypto.analysis.CryptoScanner - Percentage Completed: 0.13

[main] INFO crypto.analysis.CryptoScanner - Analyzed Objects: 2 of 9
[main] INFO crypto.analysis.CryptoScanner - Percentage Completed: 0.22

[main] INFO crypto.analysis.CryptoScanner - Analyzed Objects: 3 of 10
[main] INFO crypto.analysis.CryptoScanner - Percentage Completed: 0.3

[main] INFO crypto.analysis.CryptoScanner - Analyzed Objects: 4 of 11
[main] INFO crypto.analysis.CryptoScanner - Percentage Completed: 0.36

[main] INFO crypto.analysis.CryptoScanner - Analyzed Objects: 5 of 12
[main] INFO crypto.analysis.CryptoScanner - Percentage Completed: 0.42

17:12:14.901 [main] ERROR boomerang.callgraph.ObservableDynamicICFG - Did not find method <java.io.OutputStream: void write(byte[],int,int)> for class com.google.common.hash.MacHashFunction$MacHasher
17:12:14.915 [main] ERROR boomerang.callgraph.ObservableDynamicICFG - Did not find method <java.io.OutputStream: void write(byte[],int,int)> for class com.google.common.hash.MacHashFunction$MacHasher
17:12:14.927 [main] ERROR boomerang.callgraph.ObservableDynamicICFG - Did not find method <java.io.OutputStream: void write(byte[],int,int)> for class com.google.common.hash.AbstractCompositeHashFunction$1
17:12:17.018 [main] ERROR boomerang.callgraph.ObservableDynamicICFG - Did not find method <java.util.Iterator: boolean hasNext()> for class com.google.common.collect.RegularImmutableList
17:12:17.019 [main] ERROR boomerang.callgraph.ObservableDynamicICFG - Did not find method <java.util.Iterator: java.lang.Object next()> for class com.google.common.collect.RegularImmutableList
17:12:17.019 [main] ERROR boomerang.callgraph.ObservableDynamicICFG - Did not find method <java.util.Iterator: boolean hasNext()> for class com.google.common.collect.RegularImmutableList
17:12:22.323 [main] ERROR boomerang.callgraph.ObservableDynamicICFG - Did not find method <com.google.common.collect.AbstractMapBasedMultimap$WrappedCollection: void refreshIfEmpty()> for class java.util.HashSet
17:12:22.324 [main] ERROR boomerang.callgraph.ObservableDynamicICFG - Did not find method <com.google.common.collect.AbstractMapBasedMultimap$WrappedCollection: void addToMap()> for class java.util.HashSet
17:12:22.452 [main] ERROR boomerang.callgraph.ObservableDynamicICFG - Did not find method <com.google.common.collect.FilteredKeyMultimap$AddRejectingList: void add(int,java.lang.Object)> for class java.util.HashSet
[main] INFO crypto.analysis.CryptoScanner - Analyzed Objects: 6 of 13
[main] INFO crypto.analysis.CryptoScanner - Percentage Completed: 0.46

17:12:45.405 [main] ERROR boomerang.callgraph.ObservableDynamicICFG - Did not find method <java.io.OutputStream: void write(byte[],int,int)> for class com.google.common.hash.MessageDigestHashFunction$MessageDigestHasher
17:12:45.488 [main] ERROR boomerang.callgraph.ObservableDynamicICFG - Did not find method <java.io.OutputStream: void write(byte[],int,int)> for class com.google.common.hash.MessageDigestHashFunction$MessageDigestHasher
[main] INFO crypto.analysis.CryptoScanner - Analyzed Objects: 7 of 13
[main] INFO crypto.analysis.CryptoScanner - Percentage Completed: 0.54

[main] INFO crypto.analysis.CryptoScanner - Analyzed Objects: 8 of 13
[main] INFO crypto.analysis.CryptoScanner - Percentage Completed: 0.62

[main] INFO crypto.analysis.CryptoScanner - Analyzed Objects: 9 of 13
[main] INFO crypto.analysis.CryptoScanner - Percentage Completed: 0.69

[main] INFO crypto.analysis.CryptoScanner - Analyzed Objects: 10 of 13
[main] INFO crypto.analysis.CryptoScanner - Percentage Completed: 0.77

[main] INFO crypto.analysis.CryptoScanner - Analyzed Objects: 11 of 13
[main] INFO crypto.analysis.CryptoScanner - Percentage Completed: 0.85

[main] INFO crypto.analysis.CryptoScanner - Analyzed Objects: 12 of 13
[main] INFO crypto.analysis.CryptoScanner - Percentage Completed: 0.92

Ruleset: 
	java.security.AlgorithmParameters
	java.security.Signature
	java.security.KeyFactory
	java.security.SecureRandom
	javax.crypto.CipherInputStream
	javax.crypto.KeyAgreement
	javax.crypto.SecretKeyFactory
	javax.xml.crypto.dsig.spec.HMACParameterSpec
	java.security.MessageDigest
	javax.crypto.spec.IvParameterSpec
	java.security.KeyStore
	javax.net.ssl.SSLEngine
	java.security.spec.DSAParameterSpec
	javax.crypto.spec.PBEKeySpec
	javax.net.ssl.CertPathTrustManagerParameters
	javax.crypto.spec.GCMParameterSpec
	java.security.spec.DSAGenParameterSpec
	java.security.KeyPair
	java.security.spec.X509EncodedKeySpec
	java.security.KeyPairGenerator
	javax.crypto.Cipher
	java.security.spec.RSAKeyGenParameterSpec
	javax.crypto.Mac
	java.security.spec.ECGenParameterSpec
	javax.net.ssl.SSLParameters
	java.security.DigestInputStream
	java.security.spec.MGF1ParameterSpec
	java.security.cert.PKIXBuilderParameters
	javax.crypto.SecretKey
	javax.net.ssl.SSLContext
	java.security.spec.ECParameterSpec
	javax.crypto.CipherOutputStream
	javax.crypto.spec.DHGenParameterSpec
	javax.crypto.spec.OAEPParameterSpec
	javax.net.ssl.KeyStoreBuilderParameters
	java.security.DigestOutputStream
	javax.net.ssl.KeyManagerFactory
	javax.crypto.spec.PBEParameterSpec
	void
	javax.net.ssl.TrustManagerFactory
	javax.crypto.spec.DHParameterSpec
	javax.crypto.KeyGenerator
	java.security.Key
	java.security.cert.PKIXParameters
	javax.crypto.spec.SecretKeySpec
	java.security.cert.TrustAnchor

Analyzed Objects: 
	Object:
		Variable: r6
		Type: javax.crypto.Mac
		Statement: r6 = staticinvoke <javax.crypto.Mac: javax.crypto.Mac getInstance(java.lang.String)>(r0)
		Method: <com.google.common.hash.MacHashFunction: javax.crypto.Mac getMac(java.lang.String,java.security.Key)>
		SHA-256: 2b635b32d646ba18c7a22a7878f70a67ff2f874a3aaa2d92bf15034b9baccefb
		Secure: false
	Object:
		Variable: $r1
		Type: javax.crypto.spec.SecretKeySpec
		Statement: specialinvoke $r1.<javax.crypto.spec.SecretKeySpec: void <init>(byte[],java.lang.String)>($r3, varReplacer7474)
		Method: <com.google.common.hash.Hashing: com.google.common.hash.HashFunction hmacSha512(byte[])>
		SHA-256: e369b9824df9b9ef8d9e4936b38ac9889e2dde63bc02dd1a789c5c3665f2486c
		Secure: false
	Object:
		Variable: r2
		Type: java.security.MessageDigest
		Statement: r2 = staticinvoke <java.security.MessageDigest: java.security.MessageDigest getInstance(java.lang.String)>(varReplacer4175)
		Method: <org.jf.dexlib2.writer.DexWriter: void updateSignature(org.jf.dexlib2.writer.io.DexDataStore)>
		SHA-256: 6b2153d25a512927b583bf9ac64b6ab82cf7c651c2aa6c7bb3c967590405c119
		Secure: false
	Object:
		Variable: r4
		Type: byte[]
		Statement: r4 = virtualinvoke r2.<java.security.MessageDigest: byte[] digest()>()
		Method: <org.jf.dexlib2.writer.DexWriter: void updateSignature(org.jf.dexlib2.writer.io.DexDataStore)>
		SHA-256: a42c82e4d4640c73fb2e99798c84345914e0d7de9974c92c2a47a827dc13d8e9
		Secure: false
	Object:
		Variable: varReplacer7468
		Type: java.lang.String
		Statement: specialinvoke $r1.<javax.crypto.spec.SecretKeySpec: void <init>(byte[],java.lang.String)>($r3, varReplacer7468)
		Method: <com.google.common.hash.Hashing: com.google.common.hash.HashFunction hmacSha1(byte[])>
		SHA-256: 826e3d0c93986a0a56806fa91cc8d719db0c21f15a905f64be7d00840521e6fe
		Secure: false
	Object:
		Variable: $r1
		Type: javax.crypto.spec.SecretKeySpec
		Statement: specialinvoke $r1.<javax.crypto.spec.SecretKeySpec: void <init>(byte[],java.lang.String)>($r3, varReplacer7465)
		Method: <com.google.common.hash.Hashing: com.google.common.hash.HashFunction hmacMd5(byte[])>
		SHA-256: 78053595d4f70a946c94f386bea6d99ba6449255afac54a432c17608bc19a6fa
		Secure: false
	Object:
		Variable: varReplacer7465
		Type: java.lang.String
		Statement: specialinvoke $r1.<javax.crypto.spec.SecretKeySpec: void <init>(byte[],java.lang.String)>($r3, varReplacer7465)
		Method: <com.google.common.hash.Hashing: com.google.common.hash.HashFunction hmacMd5(byte[])>
		SHA-256: b6e87546f07389859198d36fbb980aa6aa959d1c75658e5dc9458c4f6c4a9340
		Secure: false
	Object:
		Variable: $r2
		Type: java.security.MessageDigest
		Statement: $r2 = staticinvoke <java.security.MessageDigest: java.security.MessageDigest getInstance(java.lang.String)>(r0)
		Method: <com.google.common.hash.MessageDigestHashFunction: java.security.MessageDigest getMessageDigest(java.lang.String)>
		SHA-256: 8a2b1b369fb084db34b2d3f7cf631b0662e57b3014565a24a949a09142bef2d1
		Secure: false
	Object:
		Variable: varReplacer7471
		Type: java.lang.String
		Statement: specialinvoke $r1.<javax.crypto.spec.SecretKeySpec: void <init>(byte[],java.lang.String)>($r3, varReplacer7471)
		Method: <com.google.common.hash.Hashing: com.google.common.hash.HashFunction hmacSha256(byte[])>
		SHA-256: 4893cc3fe86741181b6511b95a125ec2eb7f845aa1436853777bae7c9236c344
		Secure: false
	Object:
		Variable: $r1
		Type: javax.crypto.spec.SecretKeySpec
		Statement: specialinvoke $r1.<javax.crypto.spec.SecretKeySpec: void <init>(byte[],java.lang.String)>($r3, varReplacer7468)
		Method: <com.google.common.hash.Hashing: com.google.common.hash.HashFunction hmacSha1(byte[])>
		SHA-256: f1bd245a1a527f255b2d135069eecd98e9b92438d67ab5eb1195f7b14c7e733d
		Secure: false
	Object:
		Variable: $r1
		Type: javax.crypto.spec.SecretKeySpec
		Statement: specialinvoke $r1.<javax.crypto.spec.SecretKeySpec: void <init>(byte[],java.lang.String)>($r3, varReplacer7471)
		Method: <com.google.common.hash.Hashing: com.google.common.hash.HashFunction hmacSha256(byte[])>
		SHA-256: cf1928e7cc59184e2ab8872fee4a5904355169a831ed350142d2a1981d670f2b
		Secure: false
	Object:
		Variable: varReplacer7474
		Type: java.lang.String
		Statement: specialinvoke $r1.<javax.crypto.spec.SecretKeySpec: void <init>(byte[],java.lang.String)>($r3, varReplacer7474)
		Method: <com.google.common.hash.Hashing: com.google.common.hash.HashFunction hmacSha512(byte[])>
		SHA-256: cf8ba7d6f87ad4499a905e44d927d4e9983652679755bbc4c0ad05e98153789f
		Secure: false
	Object:
		Variable: $r2
		Type: byte[]
		Statement: $r2 = virtualinvoke $r1.<javax.crypto.Mac: byte[] doFinal()>()
		Method: <com.google.common.hash.MacHashFunction$MacHasher: com.google.common.hash.HashCode hash()>
		SHA-256: a89d37061ba0dac61e1b08aaf3eb3497c39726681770418d4469691a8e1f6dbc
		Secure: false

Findings in Java Class: org.jf.dexlib2.writer.DexWriter

	 in Method: void updateSignature(org.jf.dexlib2.writer.io.DexDataStore)
		ConstraintError violating CrySL rule for java.security.MessageDigest (on Object #6b2153d25a512927b583bf9ac64b6ab82cf7c651c2aa6c7bb3c967590405c119)
			First parameter (with value "SHA-1") should be any of {SHA-256, SHA-384, SHA-512}
			at statement: r2 = staticinvoke <java.security.MessageDigest: java.security.MessageDigest getInstance(java.lang.String)>(varReplacer4175)

		TypestateError violating CrySL rule for java.security.MessageDigest (on Object #6b2153d25a512927b583bf9ac64b6ab82cf7c651c2aa6c7bb3c967590405c119)
			Unexpected call to method <java.security.MessageDigest: byte[] digest()> on object of type java.security.MessageDigest. Expect a call to one of the following methods java.security.MessageDigest: void update(byte[],int,int),java.security.MessageDigest: void update(java.nio.ByteBuffer),java.security.MessageDigest: byte[] digest(byte[]),java.security.MessageDigest: void update(byte[]),java.security.MessageDigest: void update(byte)
			at statement: r4 = virtualinvoke r2.<java.security.MessageDigest: byte[] digest()>()


Findings in Java Class: com.google.common.hash.Hashing

	 in Method: com.google.common.hash.HashFunction hmacMd5(byte[])
		IncompleteOperationError violating CrySL rule for javax.crypto.Mac (on Object #2b635b32d646ba18c7a22a7878f70a67ff2f874a3aaa2d92bf15034b9baccefb)
			Operation on object of type javax.crypto.Mac object not completed. Expected call to update, doFinal
			at statement: return $r4

		ConstraintError violating CrySL rule for javax.crypto.spec.SecretKeySpec (on Object #78053595d4f70a946c94f386bea6d99ba6449255afac54a432c17608bc19a6fa)
			Second parameter (with value "HmacMD5") should be any of {AES, HmacSHA224, HmacSHA256, HmacSHA384, HmacSHA512}
			at statement: specialinvoke $r1.<javax.crypto.spec.SecretKeySpec: void <init>(byte[],java.lang.String)>($r3, varReplacer7465)

		RequiredPredicateError violating CrySL rule for javax.crypto.spec.SecretKeySpec
			First parameter was not properly generated as prepared Key Material
			at statement: specialinvoke $r1.<javax.crypto.spec.SecretKeySpec: void <init>(byte[],java.lang.String)>($r3, varReplacer7465)


	 in Method: com.google.common.hash.HashFunction hmacSha1(byte[])
		ConstraintError violating CrySL rule for javax.crypto.spec.SecretKeySpec (on Object #f1bd245a1a527f255b2d135069eecd98e9b92438d67ab5eb1195f7b14c7e733d)
			Second parameter (with value "HmacSHA1") should be any of {AES, HmacSHA224, HmacSHA256, HmacSHA384, HmacSHA512}
			at statement: specialinvoke $r1.<javax.crypto.spec.SecretKeySpec: void <init>(byte[],java.lang.String)>($r3, varReplacer7468)

		IncompleteOperationError violating CrySL rule for javax.crypto.Mac (on Object #2b635b32d646ba18c7a22a7878f70a67ff2f874a3aaa2d92bf15034b9baccefb)
			Operation on object of type javax.crypto.Mac object not completed. Expected call to update, doFinal
			at statement: return $r4

		RequiredPredicateError violating CrySL rule for javax.crypto.spec.SecretKeySpec
			First parameter was not properly generated as prepared Key Material
			at statement: specialinvoke $r1.<javax.crypto.spec.SecretKeySpec: void <init>(byte[],java.lang.String)>($r3, varReplacer7468)


	 in Method: com.google.common.hash.HashFunction hmacSha512(byte[])
		IncompleteOperationError violating CrySL rule for javax.crypto.Mac (on Object #2b635b32d646ba18c7a22a7878f70a67ff2f874a3aaa2d92bf15034b9baccefb)
			Operation on object of type javax.crypto.Mac object not completed. Expected call to update, doFinal
			at statement: return $r4

		RequiredPredicateError violating CrySL rule for javax.crypto.spec.SecretKeySpec
			First parameter was not properly generated as prepared Key Material
			at statement: specialinvoke $r1.<javax.crypto.spec.SecretKeySpec: void <init>(byte[],java.lang.String)>($r3, varReplacer7474)


	 in Method: com.google.common.hash.HashFunction hmacSha256(byte[])
		IncompleteOperationError violating CrySL rule for javax.crypto.Mac (on Object #2b635b32d646ba18c7a22a7878f70a67ff2f874a3aaa2d92bf15034b9baccefb)
			Operation on object of type javax.crypto.Mac object not completed. Expected call to update, doFinal
			at statement: return $r4

		RequiredPredicateError violating CrySL rule for javax.crypto.spec.SecretKeySpec
			First parameter was not properly generated as prepared Key Material
			at statement: specialinvoke $r1.<javax.crypto.spec.SecretKeySpec: void <init>(byte[],java.lang.String)>($r3, varReplacer7471)


Findings in Java Class: com.google.common.hash.MacHashFunction$MacHasher

	 in Method: void update(byte[],int,int)
		ConstraintError violating CrySL rule for javax.crypto.Mac (on Object #2b635b32d646ba18c7a22a7878f70a67ff2f874a3aaa2d92bf15034b9baccefb)
			Second parameter (with value 0)Variable offsetmust be  lesser than len
			at statement: virtualinvoke $r2.<javax.crypto.Mac: void update(byte[],int,int)>(r1, i0, i1)

		TypestateError violating CrySL rule for javax.crypto.Mac (on Object #2b635b32d646ba18c7a22a7878f70a67ff2f874a3aaa2d92bf15034b9baccefb)
			Unexpected call to method update on object of type javax.crypto.Mac. Expect a call to one of the following methods getInstance
			at statement: virtualinvoke $r2.<javax.crypto.Mac: void update(byte[],int,int)>(r1, i0, i1)


	 in Method: void update(byte[])
		TypestateError violating CrySL rule for javax.crypto.Mac (on Object #2b635b32d646ba18c7a22a7878f70a67ff2f874a3aaa2d92bf15034b9baccefb)
			Unexpected call to method update on object of type javax.crypto.Mac. Expect a call to one of the following methods getInstance
			at statement: virtualinvoke $r2.<javax.crypto.Mac: void update(byte[])>(r1)


	 in Method: com.google.common.hash.HashCode hash()
		TypestateError violating CrySL rule for javax.crypto.Mac (on Object #2b635b32d646ba18c7a22a7878f70a67ff2f874a3aaa2d92bf15034b9baccefb)
			Unexpected call to method doFinal on object of type javax.crypto.Mac. Expect a call to one of the following methods getInstance
			at statement: $r2 = virtualinvoke $r1.<javax.crypto.Mac: byte[] doFinal()>()


	 in Method: void update(byte)
		TypestateError violating CrySL rule for javax.crypto.Mac (on Object #2b635b32d646ba18c7a22a7878f70a67ff2f874a3aaa2d92bf15034b9baccefb)
			Unexpected call to method update on object of type javax.crypto.Mac. Expect a call to one of the following methods getInstance
			at statement: virtualinvoke $r1.<javax.crypto.Mac: void update(byte)>(b0)


Findings in Java Class: com.google.common.hash.AbstractHashFunction

	 in Method: com.google.common.hash.HashCode hashBytes(byte[],int,int)
		IncompleteOperationError violating CrySL rule for javax.crypto.Mac (on Object #2b635b32d646ba18c7a22a7878f70a67ff2f874a3aaa2d92bf15034b9baccefb)
			Operation on object of type javax.crypto.Mac object not completed. Expected call to update, getInstance, doFinal
			at statement: $r4 = interfaceinvoke $r3.<com.google.common.hash.Hasher: com.google.common.hash.HashCode hash()>()


	 in Method: com.google.common.hash.HashCode hashUnencodedChars(java.lang.CharSequence)
		IncompleteOperationError violating CrySL rule for javax.crypto.Mac (on Object #2b635b32d646ba18c7a22a7878f70a67ff2f874a3aaa2d92bf15034b9baccefb)
			Operation on object of type javax.crypto.Mac object not completed. Expected call to update, getInstance, doFinal
			at statement: $r4 = interfaceinvoke $r3.<com.google.common.hash.Hasher: com.google.common.hash.HashCode hash()>()


	 in Method: com.google.common.hash.HashCode hashInt(int)
		IncompleteOperationError violating CrySL rule for javax.crypto.Mac (on Object #2b635b32d646ba18c7a22a7878f70a67ff2f874a3aaa2d92bf15034b9baccefb)
			Operation on object of type javax.crypto.Mac object not completed. Expected call to update, getInstance, doFinal
			at statement: $r3 = interfaceinvoke $r2.<com.google.common.hash.Hasher: com.google.common.hash.HashCode hash()>()


	 in Method: com.google.common.hash.HashCode hashBytes(java.nio.ByteBuffer)
		IncompleteOperationError violating CrySL rule for javax.crypto.Mac (on Object #2b635b32d646ba18c7a22a7878f70a67ff2f874a3aaa2d92bf15034b9baccefb)
			Operation on object of type javax.crypto.Mac object not completed. Expected call to update, getInstance, doFinal
			at statement: $r4 = interfaceinvoke $r3.<com.google.common.hash.Hasher: com.google.common.hash.HashCode hash()>()


	 in Method: com.google.common.hash.HashCode hashString(java.lang.CharSequence,java.nio.charset.Charset)
		IncompleteOperationError violating CrySL rule for javax.crypto.Mac (on Object #2b635b32d646ba18c7a22a7878f70a67ff2f874a3aaa2d92bf15034b9baccefb)
			Operation on object of type javax.crypto.Mac object not completed. Expected call to update, getInstance, doFinal
			at statement: $r5 = interfaceinvoke $r4.<com.google.common.hash.Hasher: com.google.common.hash.HashCode hash()>()


	 in Method: com.google.common.hash.HashCode hashLong(long)
		IncompleteOperationError violating CrySL rule for javax.crypto.Mac (on Object #2b635b32d646ba18c7a22a7878f70a67ff2f874a3aaa2d92bf15034b9baccefb)
			Operation on object of type javax.crypto.Mac object not completed. Expected call to update, getInstance, doFinal
			at statement: $r3 = interfaceinvoke $r2.<com.google.common.hash.Hasher: com.google.common.hash.HashCode hash()>()


	 in Method: com.google.common.hash.HashCode hashObject(java.lang.Object,com.google.common.hash.Funnel)
		IncompleteOperationError violating CrySL rule for javax.crypto.Mac (on Object #2b635b32d646ba18c7a22a7878f70a67ff2f874a3aaa2d92bf15034b9baccefb)
			Operation on object of type javax.crypto.Mac object not completed. Expected call to update, getInstance, doFinal
			at statement: $r5 = interfaceinvoke $r4.<com.google.common.hash.Hasher: com.google.common.hash.HashCode hash()>()


Findings in Java Class: com.google.common.hash.HashingInputStream

	 in Method: void <init>(com.google.common.hash.HashFunction,java.io.InputStream)
		IncompleteOperationError violating CrySL rule for javax.crypto.Mac (on Object #2b635b32d646ba18c7a22a7878f70a67ff2f874a3aaa2d92bf15034b9baccefb)
			Operation on object of type javax.crypto.Mac object not completed. Expected call to update, getInstance, doFinal
			at statement: $r7 = (com.google.common.hash.Hasher) $r6


Findings in Java Class: com.google.common.hash.HashingOutputStream

	 in Method: void <init>(com.google.common.hash.HashFunction,java.io.OutputStream)
		IncompleteOperationError violating CrySL rule for javax.crypto.Mac (on Object #2b635b32d646ba18c7a22a7878f70a67ff2f874a3aaa2d92bf15034b9baccefb)
			Operation on object of type javax.crypto.Mac object not completed. Expected call to update, getInstance, doFinal
			at statement: $r7 = (com.google.common.hash.Hasher) $r6


Findings in Java Class: com.google.common.io.ByteSource

	 in Method: com.google.common.hash.HashCode hash(com.google.common.hash.HashFunction)
		IncompleteOperationError violating CrySL rule for javax.crypto.Mac (on Object #2b635b32d646ba18c7a22a7878f70a67ff2f874a3aaa2d92bf15034b9baccefb)
			Operation on object of type javax.crypto.Mac object not completed. Expected call to update, getInstance, doFinal
			at statement: $r4 = interfaceinvoke r2.<com.google.common.hash.Hasher: com.google.common.hash.HashCode hash()>()


Findings in Java Class: com.google.common.hash.MessageDigestHashFunction

	 in Method: java.security.MessageDigest getMessageDigest(java.lang.String)
		ConstraintError violating CrySL rule for java.security.MessageDigest (on Object #8a2b1b369fb084db34b2d3f7cf631b0662e57b3014565a24a949a09142bef2d1)
			First parameter (with value "SHA-1") should be any of {SHA-256, SHA-384, SHA-512}
			at statement: $r2 = staticinvoke <java.security.MessageDigest: java.security.MessageDigest getInstance(java.lang.String)>(r0)

		ConstraintError violating CrySL rule for java.security.MessageDigest (on Object #8a2b1b369fb084db34b2d3f7cf631b0662e57b3014565a24a949a09142bef2d1)
			First parameter (with value "MD5") should be any of {SHA-256, SHA-384, SHA-512}
			at statement: $r2 = staticinvoke <java.security.MessageDigest: java.security.MessageDigest getInstance(java.lang.String)>(r0)


Findings in Java Class: com.google.common.hash.MessageDigestHashFunction$SerializedForm

	 in Method: java.lang.Object readResolve()
		IncompleteOperationError violating CrySL rule for java.security.MessageDigest (on Object #8a2b1b369fb084db34b2d3f7cf631b0662e57b3014565a24a949a09142bef2d1)
			Operation on object of type java.security.MessageDigest object not completed. Expected call to digest, update
			at statement: return $r1


======================= CogniCrypt Summary ==========================
	Number of CrySL rules: 46
	Number of Objects Analyzed: 13

	CogniCrypt found the following violations. For details see description above.
	ConstraintError: 6
	RequiredPredicateError: 4
	TypestateError: 5
	IncompleteOperationError: 15
=====================================================================
[main] INFO crypto.analysis.CryptoScanner - Static Analysis took 51 seconds!
[main] INFO crypto.HeadlessCryptoScanner - Analysis finished in 1.125 min
Kristens-MacBook-Pro:CryptoAnalysis knewbury$ 
